25/06/2016 10:04:18 AM にビルドを開始しました。
     1>ノード 2 上のプロジェクト "C:\Users\Kim\Documents\GEANT\geant4_10_01_p03\examples\basic\T1\T1.vcxproj" (build ターゲット)。
     1>InitializeBuildStatus:
         "Debug\T1.unsuccessfulbuild" のタッチ タスクを実行しています。
       ClCompile:
         C:\Program Files (x86)\Microsoft Visual Studio 10.0\VC\bin\CL.exe /c /I"C:\Users\Kim\Documents\GEANT\geant4_10_01_p03-install\include\Geant4" /Zi /nologo /W3 /WX- /Od /Oy- /D _CONSOLE /D _WIN32 /D WIN32 /D OS /D XPNET /D _CRT_SECURE_NO_DEPRECATE /D _WINDOWS /D _DEBUG /D G4_STORE_TRAJECTORY /D G4VERBOSE /D G4LIB_BUILD_DLL /D G4UI_USE /D G4VIS_USE /D G4INTY_USE_WIN32 /D G4UI_USE_WIN32 /D G4VIS_USE_OPENGLWIN32 /D G4VIS_USE_OPENGL /D "CMAKE_INTDIR=\"Debug\"" /D _MBCS /Gm /EHsc /RTC1 /MDd /GS /fp:precise /Zc:wchar_t /Zc:forScope /Fo"Debug\\" /Fd"C:/Users/Kim/Documents/GEANT/geant4_10_01_p03/examples/basic/T1/Debug/exampleB1.pdb" /Gd /TP /analyze- /errorReport:prompt T1DetectorCalSDHit.cc
         T1DetectorCalSDHit.cc
     1>T1DetectorCalSDHit.cc(36): warning C4244: '引数' : 'double' から 'int' への変換です。データが失われる可能性があります。
     1>T1DetectorCalSDHit.cc(37): warning C4244: '引数' : 'double' から 'int' への変換です。データが失われる可能性があります。
       Link:
         C:\Program Files (x86)\Microsoft Visual Studio 10.0\VC\bin\link.exe /ERRORREPORT:PROMPT /OUT:"c:\Users\Kim\Documents\GEANT\geant4_10_01_p03\examples\basic\T1\Debug\T1.exe" /INCREMENTAL /NOLOGO kernel32.lib user32.lib gdi32.lib winspool.lib shell32.lib ole32.lib oleaut32.lib uuid.lib comdlg32.lib advapi32.lib "C:\Users\Kim\Documents\GEANT\geant4_10_01_p03-install\lib\G4Tree.lib" "C:\Users\Kim\Documents\GEANT\geant4_10_01_p03-install\lib\G4FR.lib" "C:\Users\Kim\Documents\GEANT\geant4_10_01_p03-install\lib\G4GMocren.lib" "C:\Users\Kim\Documents\GEANT\geant4_10_01_p03-install\lib\G4visHepRep.lib" "C:\Users\Kim\Documents\GEANT\geant4_10_01_p03-install\lib\G4RayTracer.lib" "C:\Users\Kim\Documents\GEANT\geant4_10_01_p03-install\lib\G4VRML.lib" "C:\Users\Kim\Documents\GEANT\geant4_10_01_p03-install\lib\G4OpenGL.lib" "C:\Users\Kim\Documents\GEANT\geant4_10_01_p03-install\lib\G4gl2ps.lib" "C:\Users\Kim\Documents\GEANT\geant4_10_01_p03-install\lib\G4vis_management.lib" "C:\Users\Kim\Documents\GEANT\geant4_10_01_p03-install\lib\G4modeling.lib" "C:\Users\Kim\Documents\GEANT\geant4_10_01_p03-install\lib\G4interfaces.lib" "C:\Users\Kim\Documents\GEANT\geant4_10_01_p03-install\lib\G4persistency.lib" "C:\Users\Kim\Documents\GEANT\geant4_10_01_p03-install\lib\G4analysis.lib" "C:\Users\Kim\Documents\GEANT\geant4_10_01_p03-install\lib\G4error_propagation.lib" "C:\Users\Kim\Documents\GEANT\geant4_10_01_p03-install\lib\G4readout.lib" "C:\Users\Kim\Documents\GEANT\geant4_10_01_p03-install\lib\G4physicslists.lib" "C:\Users\Kim\Documents\GEANT\geant4_10_01_p03-install\lib\G4run.lib" "C:\Users\Kim\Documents\GEANT\geant4_10_01_p03-install\lib\G4event.lib" "C:\Users\Kim\Documents\GEANT\geant4_10_01_p03-install\lib\G4tracking.lib" "C:\Users\Kim\Documents\GEANT\geant4_10_01_p03-install\lib\G4parmodels.lib" "C:\Users\Kim\Documents\GEANT\geant4_10_01_p03-install\lib\G4processes.lib" "C:\Users\Kim\Documents\GEANT\geant4_10_01_p03-install\lib\G4digits_hits.lib" "C:\Users\Kim\Documents\GEANT\geant4_10_01_p03-install\lib\G4track.lib" "C:\Users\Kim\Documents\GEANT\geant4_10_01_p03-install\lib\G4particles.lib" "C:\Users\Kim\Documents\GEANT\geant4_10_01_p03-install\lib\G4geometry.lib" "C:\Users\Kim\Documents\GEANT\geant4_10_01_p03-install\lib\G4materials.lib" "C:\Users\Kim\Documents\GEANT\geant4_10_01_p03-install\lib\G4graphics_reps.lib" "C:\Users\Kim\Documents\GEANT\geant4_10_01_p03-install\lib\G4intercoms.lib" "C:\Users\Kim\Documents\GEANT\geant4_10_01_p03-install\lib\G4global.lib" "C:\Users\Kim\Documents\GEANT\geant4_10_01_p03-install\lib\G4clhep.lib" "C:\Users\Kim\Documents\GEANT\geant4_10_01_p03-install\lib\G4expat.lib" "C:\Users\Kim\Documents\GEANT\geant4_10_01_p03-install\lib\G4zlib.lib" "C:\Users\Kim\Documents\GEANT\geant4_10_01_p03-install\lib\G4geomUSolids.lib" glu32.lib opengl32.lib kernel32.lib user32.lib gdi32.lib winspool.lib comdlg32.lib advapi32.lib shell32.lib ole32.lib oleaut32.lib uuid.lib odbc32.lib odbccp32.lib /MANIFEST /ManifestFile:"Debug\T1.exe.intermediate.manifest" /MANIFESTUAC:"level='asInvoker' uiAccess='false'" /DEBUG /PDB:"c:\Users\Kim\Documents\GEANT\geant4_10_01_p03\examples\basic\T1\Debug\T1.pdb" /TLBID:1 /DYNAMICBASE /NXCOMPAT /IMPLIB:"C:/Users/Kim/Documents/GEANT/geant4_10_01_p03/examples/basic/T1/Debug/exampleB1.lib" /MACHINE:X86 Debug\B1ActionInitialization.obj
         Debug\B1DetectorConstruction.obj
         Debug\B1EventAction.obj
         Debug\B1PrimaryGeneratorAction.obj
         Debug\B1Run.obj
         Debug\B1RunAction.obj
         Debug\B1SteppingAction.obj
         Debug\exampleB1.obj
         Debug\ExP01ChamberParameterisation.obj
         Debug\T1BarrelCalHit.obj
         Debug\T1BarrelCalSD.obj
         Debug\T1CellParameterisation.obj
         Debug\T1DetectorCalSD.obj
         Debug\T1DetectorCalSDHit.obj
         T1.vcxproj -> c:\Users\Kim\Documents\GEANT\geant4_10_01_p03\examples\basic\T1\Debug\T1.exe
       Manifest:
         C:\Program Files (x86)\Microsoft SDKs\Windows\v7.0A\bin\mt.exe /nologo /verbose /out:"c:\Users\Kim\Documents\GEANT\geant4_10_01_p03\examples\basic\T1\Debug\T1.exe.manifest" /manifest Debug\T1.exe.intermediate.manifest
       FinalizeBuildStatus:
         ファイル "Debug\T1.unsuccessfulbuild" を削除しています。
         "Debug\T1.lastbuildstate" のタッチ タスクを実行しています。
     1>プロジェクト "C:\Users\Kim\Documents\GEANT\geant4_10_01_p03\examples\basic\T1\T1.vcxproj" (build ターゲット) のビルドが完了しました。

ビルドに成功しました。

経過時間 00:00:01.23
